<?xml version="1.0" encoding="UTF-8"?>
<!-- Generated by org.testng.reporters.JUnitReportReporter -->
<testsuite hostname="DESKTOP-RAMD12V" failures="0" tests="1" name="testCases.TC_001_VerifyRegistration" time="2.439" errors="0" timestamp="2025-04-19T16:37:33 IST" skipped="0">
  <testcase classname="testCases.TC_001_VerifyRegistration" name="AccRegistration" time="2.439"/>
</testsuite> <!-- testCases.TC_001_VerifyRegistration -->
