<?xml version="1.0" encoding="UTF-8"?>
<!-- Generated by org.testng.reporters.JUnitReportReporter -->
<testsuite hostname="DESKTOP-RAMD12V" failures="0" tests="1" name="testCases.TC_002_VerifyLogin" time="2.255" errors="0" timestamp="2025-04-19T19:35:09 IST" skipped="0">
  <testcase classname="testCases.TC_002_VerifyLogin" name="Loginverification" time="2.255"/>
</testsuite> <!-- testCases.TC_002_VerifyLogin -->
